{"/home/cosmosoftroot/devs/jest_jsbase/src/index.js": {"path":"/home/cosmosoftroot/devs/jest_jsbase/src/index.js","statementMap":{"0":{"start":{"line":1,"column":15},"end":{"line":1,"column":59}},"1":{"start":{"line":3,"column":21},"end":{"line":5,"column":1}},"2":{"start":{"line":4,"column":2},"end":{"line":4,"column":68}},"3":{"start":{"line":8,"column":23},"end":{"line":15,"column":1}},"4":{"start":{"line":9,"column":2},"end":{"line":14,"column":4}},"5":{"start":{"line":10,"column":4},"end":{"line":12,"column":5}},"6":{"start":{"line":11,"column":6},"end":{"line":11,"column":28}},"7":{"start":{"line":13,"column":4},"end":{"line":13,"column":45}},"8":{"start":{"line":18,"column":0},"end":{"line":18,"column":47}}},"fnMap":{"0":{"name":"(anonymous_0)","decl":{"start":{"line":3,"column":21},"end":{"line":3,"column":22}},"loc":{"start":{"line":3,"column":27},"end":{"line":5,"column":1}},"line":3},"1":{"name":"(anonymous_1)","decl":{"start":{"line":8,"column":23},"end":{"line":8,"column":24}},"loc":{"start":{"line":8,"column":32},"end":{"line":15,"column":1}},"line":8},"2":{"name":"(anonymous_2)","decl":{"start":{"line":9,"column":21},"end":{"line":9,"column":22}},"loc":{"start":{"line":9,"column":40},"end":{"line":14,"column":3}},"line":9}},"branchMap":{"0":{"loc":{"start":{"line":10,"column":4},"end":{"line":12,"column":5}},"type":"if","locations":[{"start":{"line":10,"column":4},"end":{"line":12,"column":5}},{"start":{"line":10,"column":4},"end":{"line":12,"column":5}}],"line":10}},"s":{"0":2,"1":2,"2":2,"3":2,"4":2,"5":2,"6":0,"7":2,"8":2},"f":{"0":2,"1":2,"2":2},"b":{"0":[0,2]},"_coverageSchema":"1a1c01bbd47fc00a2c39e90264f33305004495a9","hash":"b77ebce06f5ecbbcc4f3748f847facfbf2606890"}
}
